SF:lib/presentation/core/my_app_widget.dart
DA:10,1
DA:12,1
DA:14,2
DA:26,1
LF:4
LH:4
end_of_record
SF:lib/presentation/core/constants/blood_test_units.dart
DA:53,0
DA:54,0
DA:55,0
DA:56,0
DA:57,0
DA:58,0
DA:59,0
DA:60,0
DA:61,0
DA:62,0
DA:65,0
DA:66,0
DA:67,0
DA:68,0
DA:69,0
LF:15
LH:0
end_of_record
SF:lib/presentation/core/constants/theme.dart
DA:3,3
LF:1
LH:1
end_of_record
SF:lib/utils/extensions.dart
DA:7,0
DA:11,0
DA:15,0
DA:19,0
LF:4
LH:0
end_of_record
SF:lib/presentation/router/router.dart
DA:7,1
DA:8,1
DA:9,1
DA:10,1
DA:11,1
DA:12,1
LF:6
LH:6
end_of_record
SF:lib/presentation/core/widgets/app_bar.dart
DA:7,1
DA:11,0
DA:14,0
DA:16,0
DA:18,0
DA:19,0
DA:20,0
DA:22,0
DA:23,0
DA:27,0
DA:29,0
DA:30,0
DA:33,0
LF:13
LH:1
end_of_record
SF:lib/presentation/core/widgets/headline_small.dart
DA:7,0
DA:9,0
DA:11,0
DA:14,0
DA:16,0
DA:17,0
LF:6
LH:0
end_of_record
SF:lib/presentation/core/widgets/custom_text_field.dart
DA:5,2
DA:15,0
DA:26,0
DA:28,0
DA:29,0
DA:30,0
DA:31,0
DA:32,0
DA:33,0
DA:34,0
DA:36,0
DA:37,0
DA:38,0
DA:42,0
DA:44,0
DA:46,0
DA:47,0
DA:48,0
DA:49,0
DA:50,0
DA:51,0
DA:52,0
LF:22
LH:1
end_of_record
SF:lib/presentation/core/widgets/date_field.dart
DA:8,0
DA:11,0
DA:12,0
DA:13,0
DA:15,0
DA:16,0
DA:23,0
DA:25,0
DA:26,0
DA:27,0
DA:29,0
DA:30,0
DA:31,0
DA:35,0
DA:36,0
DA:37,0
DA:42,0
DA:44,0
DA:47,0
DA:49,0
DA:50,0
DA:51,0
LF:22
LH:0
end_of_record
SF:lib/presentation/core/widgets/default_padding.dart
DA:6,1
DA:12,0
DA:14,0
DA:19,0
LF:4
LH:1
end_of_record
SF:lib/presentation/core/widgets/headline_large.dart
DA:7,0
DA:9,0
DA:11,0
DA:14,0
DA:16,0
DA:17,0
LF:6
LH:0
end_of_record
SF:lib/presentation/core/widgets/headline_medium.dart
DA:7,0
DA:9,0
DA:11,0
DA:14,0
DA:16,0
DA:17,0
LF:6
LH:0
end_of_record
SF:lib/presentation/core/widgets/label_large.dart
DA:7,0
DA:9,0
DA:11,0
DA:14,0
DA:16,0
DA:17,0
LF:6
LH:0
end_of_record
SF:lib/presentation/core/widgets/search_field.dart
DA:7,0
DA:9,0
DA:11,0
DA:12,0
DA:17,0
DA:19,0
DA:20,0
LF:7
LH:0
end_of_record
SF:lib/presentation/pages/home_page/home_page.dart
DA:8,1
DA:10,0
LF:2
LH:1
end_of_record
SF:lib/presentation/pages/home_page/home_page_view.dart
DA:10,1
DA:12,0
DA:14,0
DA:15,0
DA:18,0
DA:25,0
DA:26,0
LF:7
LH:1
end_of_record
SF:lib/presentation/pages/home_page/widgets/buttons_section.dart
DA:9,1
DA:13,0
DA:15,0
DA:16,0
DA:17,0
DA:18,0
DA:19,0
DA:22,0
DA:23,0
DA:24,0
DA:27,0
DA:28,0
DA:29,0
LF:13
LH:1
end_of_record
SF:lib/presentation/pages/home_page/widgets/results_section.dart
DA:9,1
DA:13,0
DA:15,0
DA:18,0
DA:21,0
DA:22,0
DA:23,0
DA:24,0
DA:26,0
LF:9
LH:1
end_of_record
SF:lib/presentation/pages/home_page/widgets/menu_button.dart
DA:7,0
DA:15,0
DA:17,0
DA:18,0
DA:19,0
DA:21,0
DA:23,0
DA:28,0
DA:30,0
DA:32,0
DA:33,0
LF:11
LH:0
end_of_record
SF:lib/presentation/pages/home_page/widgets/result_card.dart
DA:5,1
DA:10,0
DA:16,0
DA:18,0
DA:21,0
DA:24,0
DA:25,0
DA:26,0
DA:30,0
DA:31,0
DA:33,0
DA:34,0
DA:35,0
DA:41,0
DA:42,0
DA:50,0
DA:51,0
DA:52,0
DA:65,0
DA:67,0
DA:69,0
DA:70,0
DA:71,0
LF:23
LH:1
end_of_record
SF:lib/presentation/pages/new_entry_page/new_entry_page.dart
DA:8,1
DA:10,0
LF:2
LH:1
end_of_record
SF:lib/presentation/pages/new_entry_page/new_entry_page_view.dart
DA:11,1
DA:13,0
DA:15,0
DA:17,0
DA:18,0
DA:19,0
DA:21,0
DA:24,0
LF:8
LH:1
end_of_record
SF:lib/presentation/pages/new_entry_page/widgets/enter_date.dart
DA:11,1
DA:13,0
DA:15,0
DA:16,0
DA:17,0
DA:19,0
DA:20,0
DA:21,0
LF:8
LH:1
end_of_record
SF:lib/presentation/pages/new_entry_page/widgets/enter_results.dart
DA:11,1
DA:13,0
DA:15,0
DA:16,0
DA:17,0
DA:18,0
DA:19,0
DA:20,0
DA:21,0
DA:26,0
DA:27,0
LF:11
LH:1
end_of_record
SF:lib/presentation/pages/new_entry_page/widgets/enter_title.dart
DA:11,1
DA:13,0
DA:15,0
DA:16,0
DA:17,0
DA:20,0
DA:21,0
LF:7
LH:1
end_of_record
SF:lib/presentation/pages/new_entry_page/widgets/fields/wide_button.dart
DA:7,0
DA:10,0
DA:12,0
DA:13,0
DA:16,0
DA:17,0
DA:20,0
DA:22,0
DA:24,0
DA:25,0
LF:10
LH:0
end_of_record
SF:lib/presentation/pages/new_entry_page/widgets/fields/custom_dropdown_button.dart
DA:5,0
DA:16,0
DA:18,0
DA:20,0
DA:21,0
DA:22,0
DA:23,0
DA:24,0
DA:26,0
DA:29,0
DA:30,0
DA:35,0
DA:37,0
DA:39,0
DA:40,0
DA:41,0
LF:16
LH:0
end_of_record
SF:lib/presentation/pages/new_entry_page/widgets/results/hematology_fields.dart
DA:9,1
DA:11,0
DA:13,0
DA:14,0
DA:16,0
DA:18,0
DA:19,0
DA:28,0
DA:30,0
DA:31,0
DA:32,0
DA:36,0
DA:38,0
LF:13
LH:1
end_of_record
SF:lib/presentation/pages/new_entry_page/widgets/results/selectable_fields.dart
DA:10,0
DA:12,0
DA:14,0
DA:15,0
DA:17,0
DA:19,0
DA:20,0
DA:29,0
DA:31,0
DA:32,0
DA:33,0
DA:37,0
DA:39,0
DA:42,0
DA:44,0
DA:45,0
LF:16
LH:0
end_of_record
SF:lib/presentation/pages/new_entry_page/widgets/fields/title_field.dart
DA:7,1
DA:9,0
DA:11,0
DA:13,0
LF:4
LH:1
end_of_record
SF:lib/presentation/pages/progress_page/progress_page.dart
DA:8,1
DA:10,0
LF:2
LH:1
end_of_record
SF:lib/presentation/pages/progress_page/progress_page_view.dart
DA:12,1
DA:14,0
DA:16,0
DA:18,0
DA:19,0
DA:20,0
DA:22,0
DA:25,0
DA:26,0
DA:27,0
DA:28,0
DA:30,0
DA:32,0
LF:13
LH:1
end_of_record
SF:lib/presentation/pages/progress_page/widgets/progress_graph.dart
DA:5,1
DA:7,0
DA:9,0
DA:11,0
DA:12,0
DA:13,0
DA:15,0
DA:16,0
DA:17,0
DA:18,0
DA:19,0
DA:20,0
DA:22,0
DA:23,0
DA:29,0
LF:15
LH:1
end_of_record
SF:lib/presentation/pages/result_list_page/result_list_page.dart
DA:8,1
DA:10,0
LF:2
LH:1
end_of_record
SF:lib/presentation/pages/result_list_page/result_list_page_view.dart
DA:12,1
DA:14,0
DA:16,0
DA:18,0
DA:19,0
DA:20,0
DA:22,0
DA:25,0
DA:26,0
DA:27,0
DA:28,0
DA:29,0
DA:30,0
DA:33,0
DA:34,0
DA:37,0
LF:16
LH:1
end_of_record
SF:lib/presentation/pages/result_list_page/widgets/result_card.dart
DA:6,1
DA:10,0
DA:12,0
DA:14,0
DA:17,0
DA:18,0
DA:19,0
DA:24,0
DA:25,0
DA:28,0
LF:10
LH:1
end_of_record
